TN:
SF:/home/ivan/Рабочий стол/laba3/laba3/src/index.js
FN:8,returnFirstArgument
FN:18,defaultParameterValue
FN:28,returnArgumentsArray
FN:41,returnFnResult
FN:51,returnCounter
FN:52,F
FN:64,bindFunction
FN:74,forEach
FN:84,map
FN:96,reduce
FN:102,setValue
FN:119,deleteProperty
FN:128,hasProperty
FN:136,getEnumProps
FN:150,upperProps
FN:165,slice
FN:180,isAllTrue
FN:207,isSomeTrue
FN:232,returnBadArguments
FN:262,calculator
FN:269,(anonymous_20)
FN:275,(anonymous_21)
FN:281,(anonymous_22)
FN:291,(anonymous_23)
FNF:24
FNH:24
FNDA:1,returnFirstArgument
FNDA:2,defaultParameterValue
FNDA:2,returnArgumentsArray
FNDA:1,returnFnResult
FNDA:3,returnCounter
FNDA:6,F
FNDA:2,bindFunction
FNDA:3,forEach
FNDA:5,map
FNDA:11,reduce
FNDA:7,setValue
FNDA:1,deleteProperty
FNDA:2,hasProperty
FNDA:1,getEnumProps
FNDA:1,upperProps
FNDA:17,slice
FNDA:5,isAllTrue
FNDA:4,isSomeTrue
FNDA:4,returnBadArguments
FNDA:8,calculator
FNDA:2,(anonymous_20)
FNDA:1,(anonymous_21)
FNDA:2,(anonymous_22)
FNDA:1,(anonymous_23)
DA:9,1
DA:19,2
DA:29,2
DA:30,2
DA:31,4
DA:33,2
DA:42,1
DA:52,3
DA:53,6
DA:65,2
DA:75,3
DA:76,19
DA:85,5
DA:86,5
DA:87,37
DA:89,5
DA:99,11
DA:100,11
DA:103,7
DA:104,7
DA:107,11
DA:108,68
DA:109,68
DA:111,11
DA:120,1
DA:129,2
DA:137,1
DA:138,1
DA:139,1
DA:140,2
DA:141,2
DA:143,1
DA:151,1
DA:152,1
DA:153,1
DA:154,2
DA:155,2
DA:156,2
DA:158,1
DA:166,17
DA:182,5
DA:183,2
DA:185,3
DA:186,1
DA:189,2
DA:191,7
DA:192,0
DA:194,2
DA:208,4
DA:209,2
DA:211,2
DA:212,1
DA:215,1
DA:217,6
DA:218,1
DA:220,0
DA:233,4
DA:234,4
DA:235,1
DA:236,3
DA:237,0
DA:238,3
DA:239,25
DA:240,25
DA:242,9
DA:245,3
DA:264,8
DA:265,1
DA:268,7
DA:270,2
DA:271,13
DA:273,2
DA:276,1
DA:277,8
DA:279,1
DA:282,2
DA:283,14
DA:284,1
DA:287,13
DA:289,1
DA:292,1
DA:293,9
DA:295,1
DA:298,7
LF:84
LH:81
BRDA:18,0,0,1
BRDA:51,1,0,2
BRDA:100,2,0,7
BRDA:100,2,1,4
BRDA:129,3,0,1
BRDA:129,3,1,1
BRDA:182,4,0,2
BRDA:182,4,1,3
BRDA:182,5,0,5
BRDA:182,5,1,3
BRDA:185,6,0,1
BRDA:185,6,1,2
BRDA:191,7,0,0
BRDA:191,7,1,7
BRDA:208,8,0,2
BRDA:208,8,1,2
BRDA:208,9,0,4
BRDA:208,9,1,3
BRDA:211,10,0,1
BRDA:211,10,1,1
BRDA:217,11,0,1
BRDA:217,11,1,5
BRDA:234,12,0,1
BRDA:234,12,1,3
BRDA:236,13,0,0
BRDA:236,13,1,3
BRDA:262,14,0,2
BRDA:264,15,0,1
BRDA:264,15,1,7
BRDA:283,16,0,1
BRDA:283,16,1,13
BRF:31
BRH:29
end_of_record
